app/build/intermediates/manifest_merge_blame_file/debug/manifest-merger-blame-debug-report.txt
1<?xml version="1.0" encoding="utf-8"?>
2<manifest xmlns:android="http://schemas.android.com/apk/res/android"
3    package="com.example.floatingscreenshot"
4    android:versionCode="1"
5    android:versionName="1.0" >
6
7    <uses-sdk
8        android:minSdkVersion="26"
9        android:targetSdkVersion="33" />
10
11    <!-- 悬浮窗权限 -->
12    <uses-permission android:name="android.permission.SYSTEM_ALERT_WINDOW" />
12-->src/main/AndroidManifest.xml:6:5-78
12-->src/main/AndroidManifest.xml:6:22-75
13    <!-- 截屏需要的存储权限 -->
14    <uses-permission
14-->src/main/AndroidManifest.xml:8:5-9:38
15        android:name="android.permission.WRITE_EXTERNAL_STORAGE"
15-->src/main/AndroidManifest.xml:8:22-78
16        android:maxSdkVersion="32" />
16-->src/main/AndroidManifest.xml:9:9-35
17    <uses-permission
17-->src/main/AndroidManifest.xml:10:5-11:38
18        android:name="android.permission.READ_EXTERNAL_STORAGE"
18-->src/main/AndroidManifest.xml:10:22-77
19        android:maxSdkVersion="32" />
19-->src/main/AndroidManifest.xml:11:9-35
20    <!-- Android 13+ 的图片权限 -->
21    <uses-permission android:name="android.permission.READ_MEDIA_IMAGES" />
21-->src/main/AndroidManifest.xml:13:5-76
21-->src/main/AndroidManifest.xml:13:22-73
22    <!-- 前台服务权限 -->
23    <uses-permission android:name="android.permission.FOREGROUND_SERVICE" />
23-->src/main/AndroidManifest.xml:15:5-77
23-->src/main/AndroidManifest.xml:15:22-74
24    <uses-permission android:name="android.permission.FOREGROUND_SERVICE_MEDIA_PROJECTION" />
24-->src/main/AndroidManifest.xml:16:5-94
24-->src/main/AndroidManifest.xml:16:22-91
25    <uses-permission android:name="android.permission.POST_NOTIFICATIONS" />
25-->src/main/AndroidManifest.xml:17:5-77
25-->src/main/AndroidManifest.xml:17:22-74
26
27    <permission
27-->[androidx.core:core:1.12.0] AndroidManifest.xml:22:5-24:47
28        android:name="com.example.floatingscreenshot.DYNAMIC_RECEIVER_NOT_EXPORTED_PERMISSION"
28-->[androidx.core:core:1.12.0] AndroidManifest.xml:23:9-81
29        android:protectionLevel="signature" />
29-->[androidx.core:core:1.12.0] AndroidManifest.xml:24:9-44
30
31    <uses-permission android:name="com.example.floatingscreenshot.DYNAMIC_RECEIVER_NOT_EXPORTED_PERMISSION" />
31-->[androidx.core:core:1.12.0] AndroidManifest.xml:26:5-97
31-->[androidx.core:core:1.12.0] AndroidManifest.xml:26:22-94
32
33    <application
33-->src/main/AndroidManifest.xml:19:5-51:19
34        android:allowBackup="true"
34-->src/main/AndroidManifest.xml:20:9-35
35        android:appComponentFactory="androidx.core.app.CoreComponentFactory"
35-->[androidx.core:core:1.12.0] AndroidManifest.xml:28:18-86
36        android:debuggable="true"
37        android:extractNativeLibs="false"
38        android:icon="@drawable/ic_launcher_icon"
38-->src/main/AndroidManifest.xml:21:9-50
39        android:label="@string/app_name"
39-->src/main/AndroidManifest.xml:22:9-41
40        android:roundIcon="@drawable/ic_launcher_icon"
40-->src/main/AndroidManifest.xml:23:9-55
41        android:supportsRtl="true"
41-->src/main/AndroidManifest.xml:24:9-35
42        android:theme="@style/Theme.FloatingScreenshot" >
42-->src/main/AndroidManifest.xml:25:9-56
43        <activity
43-->src/main/AndroidManifest.xml:28:9-36:20
44            android:name="com.example.floatingscreenshot.MainActivity"
44-->src/main/AndroidManifest.xml:29:13-41
45            android:exported="true"
45-->src/main/AndroidManifest.xml:30:13-36
46            android:label="@string/app_name" >
46-->src/main/AndroidManifest.xml:31:13-45
47            <intent-filter>
47-->src/main/AndroidManifest.xml:32:13-35:29
48                <action android:name="android.intent.action.MAIN" />
48-->src/main/AndroidManifest.xml:33:17-69
48-->src/main/AndroidManifest.xml:33:25-66
49
50                <category android:name="android.intent.category.LAUNCHER" />
50-->src/main/AndroidManifest.xml:34:17-77
50-->src/main/AndroidManifest.xml:34:27-74
51            </intent-filter>
52        </activity>
53
54        <service
54-->src/main/AndroidManifest.xml:38:9-42:63
55            android:name="com.example.floatingscreenshot.FloatingWindowService"
55-->src/main/AndroidManifest.xml:39:13-50
56            android:enabled="true"
56-->src/main/AndroidManifest.xml:40:13-35
57            android:exported="false"
57-->src/main/AndroidManifest.xml:41:13-37
58            android:foregroundServiceType="mediaProjection" />
58-->src/main/AndroidManifest.xml:42:13-60
59
60        <activity
60-->src/main/AndroidManifest.xml:44:9-49:39
61            android:name="com.example.floatingscreenshot.ScreenshotPermissionActivity"
61-->src/main/AndroidManifest.xml:45:13-57
62            android:excludeFromRecents="true"
62-->src/main/AndroidManifest.xml:48:13-46
63            android:exported="false"
63-->src/main/AndroidManifest.xml:46:13-37
64            android:taskAffinity=""
64-->src/main/AndroidManifest.xml:49:13-36
65            android:theme="@style/Theme.Transparent" />
65-->src/main/AndroidManifest.xml:47:13-53
66
67        <provider
67-->[androidx.emoji2:emoji2:1.2.0] AndroidManifest.xml:24:9-32:20
68            android:name="androidx.startup.InitializationProvider"
68-->[androidx.emoji2:emoji2:1.2.0] AndroidManifest.xml:25:13-67
69            android:authorities="com.example.floatingscreenshot.androidx-startup"
69-->[androidx.emoji2:emoji2:1.2.0] AndroidManifest.xml:26:13-68
70            android:exported="false" >
70-->[androidx.emoji2:emoji2:1.2.0] AndroidManifest.xml:27:13-37
71            <meta-data
71-->[androidx.emoji2:emoji2:1.2.0] AndroidManifest.xml:29:13-31:52
72                android:name="androidx.emoji2.text.EmojiCompatInitializer"
72-->[androidx.emoji2:emoji2:1.2.0] AndroidManifest.xml:30:17-75
73                android:value="androidx.startup" />
73-->[androidx.emoji2:emoji2:1.2.0] AndroidManifest.xml:31:17-49
74            <meta-data
74-->[androidx.lifecycle:lifecycle-process:2.6.2] AndroidManifest.xml:29:13-31:52
75                android:name="androidx.lifecycle.ProcessLifecycleInitializer"
75-->[androidx.lifecycle:lifecycle-process:2.6.2] AndroidManifest.xml:30:17-78
76                android:value="androidx.startup" />
76-->[androidx.lifecycle:lifecycle-process:2.6.2] AndroidManifest.xml:31:17-49
77            <meta-data
77-->[androidx.profileinstaller:profileinstaller:1.3.0] AndroidManifest.xml:29:13-31:52
78                android:name="androidx.profileinstaller.ProfileInstallerInitializer"
78-->[androidx.profileinstaller:profileinstaller:1.3.0] AndroidManifest.xml:30:17-85
79                android:value="androidx.startup" />
79-->[androidx.profileinstaller:profileinstaller:1.3.0] AndroidManifest.xml:31:17-49
80        </provider>
81
82        <receiver
82-->[androidx.profileinstaller:profileinstaller:1.3.0] AndroidManifest.xml:34:9-52:20
83            android:name="androidx.profileinstaller.ProfileInstallReceiver"
83-->[androidx.profileinstaller:profileinstaller:1.3.0] AndroidManifest.xml:35:13-76
84            android:directBootAware="false"
84-->[androidx.profileinstaller:profileinstaller:1.3.0] AndroidManifest.xml:36:13-44
85            android:enabled="true"
85-->[androidx.profileinstaller:profileinstaller:1.3.0] AndroidManifest.xml:37:13-35
86            android:exported="true"
86-->[androidx.profileinstaller:profileinstaller:1.3.0] AndroidManifest.xml:38:13-36
87            android:permission="android.permission.DUMP" >
87-->[androidx.profileinstaller:profileinstaller:1.3.0] AndroidManifest.xml:39:13-57
88            <intent-filter>
88-->[androidx.profileinstaller:profileinstaller:1.3.0] AndroidManifest.xml:40:13-42:29
89                <action android:name="androidx.profileinstaller.action.INSTALL_PROFILE" />
89-->[androidx.profileinstaller:profileinstaller:1.3.0] AndroidManifest.xml:41:17-91
89-->[androidx.profileinstaller:profileinstaller:1.3.0] AndroidManifest.xml:41:25-88
90            </intent-filter>
91            <intent-filter>
91-->[androidx.profileinstaller:profileinstaller:1.3.0] AndroidManifest.xml:43:13-45:29
92                <action android:name="androidx.profileinstaller.action.SKIP_FILE" />
92-->[androidx.profileinstaller:profileinstaller:1.3.0] AndroidManifest.xml:44:17-85
92-->[androidx.profileinstaller:profileinstaller:1.3.0] AndroidManifest.xml:44:25-82
93            </intent-filter>
94            <intent-filter>
94-->[androidx.profileinstaller:profileinstaller:1.3.0] AndroidManifest.xml:46:13-48:29
95                <action android:name="androidx.profileinstaller.action.SAVE_PROFILE" />
95-->[androidx.profileinstaller:profileinstaller:1.3.0] AndroidManifest.xml:47:17-88
95-->[androidx.profileinstaller:profileinstaller:1.3.0] AndroidManifest.xml:47:25-85
96            </intent-filter>
97            <intent-filter>
97-->[androidx.profileinstaller:profileinstaller:1.3.0] AndroidManifest.xml:49:13-51:29
98                <action android:name="androidx.profileinstaller.action.BENCHMARK_OPERATION" />
98-->[androidx.profileinstaller:profileinstaller:1.3.0] AndroidManifest.xml:50:17-95
98-->[androidx.profileinstaller:profileinstaller:1.3.0] AndroidManifest.xml:50:25-92
99            </intent-filter>
100        </receiver>
101    </application>
102
103</manifest>